1/8 13:06:11.109  LogOpen
1/8 13:06:11.109  World of Warcraft Retail x86_64 9.1.5.41793
1/8 13:06:11.109  Windows 10 (10.0.22000) x86_64
1/8 13:06:11.109  AMD Ryzen 7 5800X 8-Core Processor              | Sockets:1 Cores:8 Threads:16
1/8 13:06:11.109  31.9 GB System Memory
1/8 13:06:11.109  On AC Power - Battery Not Present
1/8 13:06:11.240  Adapter 0: "AMD Radeon RX 6800 XT" family:RDNA2 type:Discrete vendor:0x1002 device:0x73bf driver(0x1e000036bb0bc9) location:12 dx11:true dx12:true
1/8 13:06:11.240  	Monitor 0 "Generic PnP Monitor" Size(2560x1440) Pos(0, 0)
1/8 13:06:11.240  	Monitor 1 "Generic PnP Monitor" Size(2560x1440) Pos(-2560, 0)
1/8 13:06:11.240  AMD driver version: 21.40.11.03-211201a-374383E-RadeonSoftware (AGS 21.12.1)
1/8 13:06:11.254  Choosing gpu by name: "AMD Radeon RX 6800 XT"
1/8 13:06:11.254  D3d12 Device Create
1/8 13:06:11.254  DXGI_FEATURE_PRESENT_ALLOW_TEARING:true
1/8 13:06:11.314  DXGI_FORMAT_B8G8R8A8_UNORM UAV support: true
1/8 13:06:11.314  Ray Tracing Support: DXR 1.1
1/8 13:06:11.314  Variable Rate Shading Supported: true
1/8 13:06:13.134  NotifyOnDeviceCreate
1/8 13:06:13.144  D3d12 Device Create Successful
1/8 13:06:13.144  <IsGPUDriverOutOfDate> No
1/8 13:06:13.144  Detected Graphics Defaults: 7 (CPU = 7, GPU = 7, MEM = 7) WindowSize: 2560x1440
1/8 13:06:13.223  Render Settings Changed. New Render Size: 2560x1440
1/8 13:06:13.824  Detected SwapChain::Present Modified
1/8 13:11:06.222  Render Settings Changed
1/9 00:04:26.712  Gpu state has changed. re-enumerating
1/9 00:04:26.712  Adapter 0: "AMD Radeon RX 6800 XT" family:RDNA2 type:Discrete vendor:0x1002 device:0x73bf driver(0x1e000036bb0bc9) location:12 dx11:true dx12:true
1/9 00:04:26.712  	Monitor 0 "Generic PnP Monitor" Size(2560x1440) Pos(0, 0)
1/9 00:04:26.712  	Monitor 1 "Generic PnP Monitor" Size(2560x1440) Pos(-2560, 0)
